<?xml version="1.0" encoding="UTF-8"?>
<!-- Generated by org.testng.reporters.JUnitXMLReporter -->
<testsuite ignored="0" hostname="SammyJ-Lptp" failures="0" tests="3" name="Default test" time="0.087" errors="0" timestamp="2020-11-27T02:29:56 EST">
  <testcase classname="dataDriven.ExcelDataProvider" name="setData" time="0.014"/>
  <testcase classname="dataDriven.ExcelDataProvider" name="setData" time="0.006"/>
  <testcase classname="dataDriven.ExcelDataProvider" name="setData" time="0.002"/>
</testsuite> <!-- Default test -->
