<?xml version="1.0" encoding="UTF-8"?>
<testng-results ignored="0" total="3" passed="3" failed="0" skipped="0">
  <reporter-output>
  </reporter-output>
  <suite started-at="2020-11-27T02:29:56 EST" name="Default suite" finished-at="2020-11-27T02:29:56 EST" duration-ms="87">
    <groups>
    </groups>
    <test started-at="2020-11-27T02:29:56 EST" name="Default test" finished-at="2020-11-27T02:29:56 EST" duration-ms="87">
      <class name="dataDriven.ExcelDataProvider">
        <test-method signature="setData(java.lang.String, java.lang.String)[pri:0, instance:dataDriven.ExcelDataProvider@3c947bc5]" started-at="2020-11-27T02:29:56 EST" name="setData" data-provider="getData" finished-at="2020-11-27T02:29:56 EST" duration-ms="14" status="PASS">
          <params>
            <param index="0">
              <value>
                <![CDATA[user1]]>
              </value>
            </param>
            <param index="1">
              <value>
                <![CDATA[abcdef]]>
              </value>
            </param>
          </params>
          <reporter-output>
          </reporter-output>
        </test-method> <!-- setData -->
        <test-method signature="setData(java.lang.String, java.lang.String)[pri:0, instance:dataDriven.ExcelDataProvider@3c947bc5]" started-at="2020-11-27T02:29:56 EST" name="setData" data-provider="getData" finished-at="2020-11-27T02:29:56 EST" duration-ms="6" status="PASS">
          <params>
            <param index="0">
              <value>
                <![CDATA[user2]]>
              </value>
            </param>
            <param index="1">
              <value>
                <![CDATA[xyz]]>
              </value>
            </param>
          </params>
          <reporter-output>
          </reporter-output>
        </test-method> <!-- setData -->
        <test-method signature="setData(java.lang.String, java.lang.String)[pri:0, instance:dataDriven.ExcelDataProvider@3c947bc5]" started-at="2020-11-27T02:29:56 EST" name="setData" data-provider="getData" finished-at="2020-11-27T02:29:56 EST" duration-ms="2" status="PASS">
          <params>
            <param index="0">
              <value>
                <![CDATA[user3]]>
              </value>
            </param>
            <param index="1">
              <value>
                <![CDATA[12345]]>
              </value>
            </param>
          </params>
          <reporter-output>
          </reporter-output>
        </test-method> <!-- setData -->
      </class> <!-- dataDriven.ExcelDataProvider -->
    </test> <!-- Default test -->
  </suite> <!-- Default suite -->
</testng-results>
